<?xml version="1.0" encoding="UTF-8"?>
<testng-results ignored="0" total="3" passed="3" failed="0" skipped="0">
  <reporter-output>
  </reporter-output>
  <suite started-at="2023-05-01T23:18:43 IST" name="Default suite" finished-at="2023-05-01T23:18:43 IST" duration-ms="47">
    <groups>
    </groups>
    <test started-at="2023-05-01T23:18:43 IST" name="Default test" finished-at="2023-05-01T23:18:43 IST" duration-ms="47">
      <class name="ui.Login">
        <test-method signature="setup()[pri:0, instance:ui.Login@31d7b7bf]" started-at="2023-05-01T23:18:43 IST" name="setup" finished-at="2023-05-01T23:18:43 IST" duration-ms="10" status="PASS">
          <reporter-output>
          </reporter-output>
        </test-method> <!-- setup -->
        <test-method signature="login()[pri:2, instance:ui.Login@31d7b7bf]" started-at="2023-05-01T23:18:43 IST" name="login" finished-at="2023-05-01T23:18:43 IST" duration-ms="1" status="PASS">
          <reporter-output>
          </reporter-output>
        </test-method> <!-- login -->
        <test-method signature="teardown()[pri:3, instance:ui.Login@31d7b7bf]" started-at="2023-05-01T23:18:43 IST" name="teardown" finished-at="2023-05-01T23:18:43 IST" duration-ms="2" status="PASS">
          <reporter-output>
          </reporter-output>
        </test-method> <!-- teardown -->
      </class> <!-- ui.Login -->
    </test> <!-- Default test -->
  </suite> <!-- Default suite -->
</testng-results>
